Using pre-set license
Built from '2020.3/staging' branch; Version is '2020.3.13f1 (71691879b7f5) revision 7432472'; Using compiler version '192528614'; Build Type 'Release'
OS: 'Windows 10 Home; OS build 19043.1110; Version 2009; 64bit' Language: 'pt' Physical Memory: 16315 MB
BatchMode: 1, IsHumanControllingUs: 0, StartBugReporterOnCrash: 0, Is64bit: 1, IsPro: 0

 COMMAND LINE ARGUMENTS:
C:\Program Files\Unity\Hub\Editor\2020.3.13f1\Editor\Unity.exe
-adb2
-batchMode
-noUpm
-name
AssetImportWorker0
-projectPath
C:/Users/andre/Desktop/Outros/Projetos Unity/TOL 2D
-logFile
Logs/AssetImportWorker0.log
-srvPort
53510
Successfully changed project path to: C:/Users/andre/Desktop/Outros/Projetos Unity/TOL 2D
C:/Users/andre/Desktop/Outros/Projetos Unity/TOL 2D
Using Asset Import Pipeline V2.
Refreshing native plugins compatible for Editor in 53.99 ms, found 3 plugins.
Preloading 0 native plugins for Editor in 0.00 ms.
Initialize engine version: 2020.3.13f1 (71691879b7f5)
[Subsystems] Discovering subsystems at path C:/Program Files/Unity/Hub/Editor/2020.3.13f1/Editor/Data/Resources/UnitySubsystems
[Subsystems] Discovering subsystems at path C:/Users/andre/Desktop/Outros/Projetos Unity/TOL 2D/Assets
GfxDevice: creating device client; threaded=0
Direct3D:
    Version:  Direct3D 11.0 [level 11.1]
    Renderer: Radeon RX 580 Series (ID=0x67df)
    Vendor:   
    VRAM:     8171 MB
    Driver:   27.20.22001.16006
Initialize mono
Mono path[0] = 'C:/Program Files/Unity/Hub/Editor/2020.3.13f1/Editor/Data/Managed'
Mono path[1] = 'C:/Program Files/Unity/Hub/Editor/2020.3.13f1/Editor/Data/MonoBleedingEdge/lib/mono/unityjit'
Mono config path = 'C:/Program Files/Unity/Hub/Editor/2020.3.13f1/Editor/Data/MonoBleedingEdge/etc'
Using monoOptions --debugger-agent=transport=dt_socket,embedding=1,server=y,suspend=n,address=127.0.0.1:56284
Begin MonoManager ReloadAssembly
Registering precompiled unity dll's ...
Register platform support module: C:/Program Files/Unity/Hub/Editor/2020.3.13f1/Editor/Data/PlaybackEngines/WindowsStandaloneSupport/UnityEditor.WindowsStandalone.Extensions.dll
Registered in 0.002649 seconds.
Native extension for WindowsStandalone target not found
Refreshing native plugins compatible for Editor in 52.69 ms, found 3 plugins.
Preloading 0 native plugins for Editor in 0.00 ms.
Mono: successfully reloaded assembly
- Completed reload, in  2.166 seconds
Platform modules already initialized, skipping
Registering precompiled user dll's ...
Registered in 0.005389 seconds.
Begin MonoManager ReloadAssembly
Native extension for WindowsStandalone target not found
Refreshing native plugins compatible for Editor in 49.83 ms, found 3 plugins.
Preloading 0 native plugins for Editor in 0.00 ms.
Mono: successfully reloaded assembly
- Completed reload, in  1.210 seconds
Platform modules already initialized, skipping
========================================================================
Worker process is ready to serve import requests
Launched and connected shader compiler UnityShaderCompiler.exe after 0.04 seconds
Refreshing native plugins compatible for Editor in 0.54 ms, found 3 plugins.
Preloading 0 native plugins for Editor in 0.00 ms.
Unloading 2014 Unused Serialized files (Serialized files now loaded: 0)
System memory in use before: 90.8 MB.
System memory in use after: 90.9 MB.

Unloading 28 unused Assets to reduce memory usage. Loaded Objects now: 2455.
Total: 2.441800 ms (FindLiveObjects: 0.222600 ms CreateObjectMapping: 0.049400 ms MarkObjects: 2.097000 ms  DeleteObjects: 0.071400 ms)

AssetImportParameters requested are different than current active one (requested -> active):
  custom:framework-win-MediaFoundation: 216162199b28c13a410421893ffa2e32 -> 
  custom:video-decoder-ogg-theora: a1e56fd34408186e4bbccfd4996cb3dc -> 
  custom:container-muxer-webm: aa71ff27fc2769a1b78a27578f13a17b -> 
  custom:container-demuxer-webm: 4f35f7cbe854078d1ac9338744f61a02 -> 
  custom:container-demuxer-ogg: 62fdf1f143b41e24485cea50d1cbac27 -> 
  custom:video-encoder-webm-vp8: eb34c28f22e8b96e1ab97ce403110664 -> 
  custom:video-decoder-webm-vp8: 9c59270c3fd7afecdb556c50c9e8de78 -> 
  custom:audio-decoder-ogg-vorbis: bf7c407c2cedff20999df2af8eb42d56 -> 
  custom:audio-encoder-webm-vorbis: bf7c407c2cedff20999df2af8eb42d56 -> 
========================================================================
Received Import Request.
  path: Assets/Scenes/Nivel10.unity
  artifactKey: Guid(ffaa3c89a42303b4baafc45520af877b) Importer(815301076,1909f56bfc062723c751e8b465ee728b)
Start importing Assets/Scenes/Nivel10.unity using Guid(ffaa3c89a42303b4baafc45520af877b) Importer(815301076,1909f56bfc062723c751e8b465ee728b)  -> (artifact id: 'e12aef3d60f5ccc98d834fc957529516') in 0.018804 seconds 
  Import took 0.022244 seconds .

========================================================================
Received Import Request.
  Time since last request: 21.046993 seconds.
  path: Assets/Scenes
  artifactKey: Guid(7318f4af514280d49b66c315d1f80caf) Importer(815301076,1909f56bfc062723c751e8b465ee728b)
Start importing Assets/Scenes using Guid(7318f4af514280d49b66c315d1f80caf) Importer(815301076,1909f56bfc062723c751e8b465ee728b)  -> (artifact id: '48f95c33977527ea3e02608dd1dd4ea0') in 0.008137 seconds 
  Import took 0.011658 seconds .

========================================================================
Received Import Request.
  Time since last request: 21.782359 seconds.
  path: Assets/Scenes/Nivel01.unity
  artifactKey: Guid(79cdadd2f8b14684c955b6878c415822) Importer(815301076,1909f56bfc062723c751e8b465ee728b)
Start importing Assets/Scenes/Nivel01.unity using Guid(79cdadd2f8b14684c955b6878c415822) Importer(815301076,1909f56bfc062723c751e8b465ee728b)  -> (artifact id: '45d1208cf41777fe5ba98af751c78635') in 0.008390 seconds 
  Import took 0.011669 seconds .

========================================================================
Received Prepare
Registering precompiled user dll's ...
Registered in 0.005978 seconds.
Begin MonoManager ReloadAssembly
Native extension for WindowsStandalone target not found
Refreshing native plugins compatible for Editor in 0.54 ms, found 3 plugins.
Preloading 0 native plugins for Editor in 0.00 ms.
Mono: successfully reloaded assembly
- Completed reload, in  1.112 seconds
Platform modules already initialized, skipping
Refreshing native plugins compatible for Editor in 0.69 ms, found 3 plugins.
Preloading 0 native plugins for Editor in 0.00 ms.
Unloading 2006 Unused Serialized files (Serialized files now loaded: 0)
System memory in use before: 90.5 MB.
System memory in use after: 90.6 MB.

Unloading 17 unused Assets to reduce memory usage. Loaded Objects now: 2458.
Total: 2.311000 ms (FindLiveObjects: 0.228900 ms CreateObjectMapping: 0.048500 ms MarkObjects: 2.015600 ms  DeleteObjects: 0.016800 ms)

AssetImportParameters requested are different than current active one (requested -> active):
  custom:framework-win-MediaFoundation: 216162199b28c13a410421893ffa2e32 -> 
  custom:video-decoder-ogg-theora: a1e56fd34408186e4bbccfd4996cb3dc -> 
  custom:container-muxer-webm: aa71ff27fc2769a1b78a27578f13a17b -> 
  custom:container-demuxer-webm: 4f35f7cbe854078d1ac9338744f61a02 -> 
  custom:container-demuxer-ogg: 62fdf1f143b41e24485cea50d1cbac27 -> 
  custom:video-encoder-webm-vp8: eb34c28f22e8b96e1ab97ce403110664 -> 
  custom:video-decoder-webm-vp8: 9c59270c3fd7afecdb556c50c9e8de78 -> 
  custom:audio-decoder-ogg-vorbis: bf7c407c2cedff20999df2af8eb42d56 -> 
  custom:audio-encoder-webm-vorbis: bf7c407c2cedff20999df2af8eb42d56 -> 
========================================================================
Received Import Request.
  Time since last request: 28.783184 seconds.
  path: Assets/Scenes/Nivel01.unity
  artifactKey: Guid(79cdadd2f8b14684c955b6878c415822) Importer(815301076,1909f56bfc062723c751e8b465ee728b)
Start importing Assets/Scenes/Nivel01.unity using Guid(79cdadd2f8b14684c955b6878c415822) Importer(815301076,1909f56bfc062723c751e8b465ee728b)  -> (artifact id: 'b0c8cf95859ea1ab5e93047fe38c43ec') in 0.015025 seconds 
  Import took 0.018270 seconds .

========================================================================
Received Import Request.
  Time since last request: 9.445327 seconds.
  path: Assets/Scenes/Nivel10.unity
  artifactKey: Guid(79cdadd2f8b14684c955b6878c415822) Importer(815301076,1909f56bfc062723c751e8b465ee728b)
Start importing Assets/Scenes/Nivel10.unity using Guid(79cdadd2f8b14684c955b6878c415822) Importer(815301076,1909f56bfc062723c751e8b465ee728b)  -> (artifact id: 'cfb507e236b05b12fb49eff3136797fe') in 0.006981 seconds 
  Import took 0.010557 seconds .

========================================================================
Received Import Request.
  Time since last request: 48.328399 seconds.
  path: Assets/Scripts/PlayerController.cs
  artifactKey: Guid(b9ef8abf9f4c0634e9e5e2ae3299178e) Importer(815301076,1909f56bfc062723c751e8b465ee728b)
Start importing Assets/Scripts/PlayerController.cs using Guid(b9ef8abf9f4c0634e9e5e2ae3299178e) Importer(815301076,1909f56bfc062723c751e8b465ee728b)  -> (artifact id: 'ca63167388f655deb6f9eb97269ff413') in 0.034895 seconds 
  Import took 0.038244 seconds .

========================================================================
Received Prepare
Registering precompiled user dll's ...
Registered in 0.005947 seconds.
Begin MonoManager ReloadAssembly
Native extension for WindowsStandalone target not found
Refreshing native plugins compatible for Editor in 0.57 ms, found 3 plugins.
Preloading 0 native plugins for Editor in 0.00 ms.
Mono: successfully reloaded assembly
- Completed reload, in  1.109 seconds
Platform modules already initialized, skipping
Refreshing native plugins compatible for Editor in 0.54 ms, found 3 plugins.
Preloading 0 native plugins for Editor in 0.00 ms.
Unloading 2006 Unused Serialized files (Serialized files now loaded: 0)
System memory in use before: 90.6 MB.
System memory in use after: 90.7 MB.

Unloading 17 unused Assets to reduce memory usage. Loaded Objects now: 2461.
Total: 2.247800 ms (FindLiveObjects: 0.217700 ms CreateObjectMapping: 0.048100 ms MarkObjects: 1.963600 ms  DeleteObjects: 0.017400 ms)

AssetImportParameters requested are different than current active one (requested -> active):
  custom:framework-win-MediaFoundation: 216162199b28c13a410421893ffa2e32 -> 
  custom:video-decoder-ogg-theora: a1e56fd34408186e4bbccfd4996cb3dc -> 
  custom:container-muxer-webm: aa71ff27fc2769a1b78a27578f13a17b -> 
  custom:container-demuxer-webm: 4f35f7cbe854078d1ac9338744f61a02 -> 
  custom:container-demuxer-ogg: 62fdf1f143b41e24485cea50d1cbac27 -> 
  custom:video-encoder-webm-vp8: eb34c28f22e8b96e1ab97ce403110664 -> 
  custom:video-decoder-webm-vp8: 9c59270c3fd7afecdb556c50c9e8de78 -> 
  custom:audio-decoder-ogg-vorbis: bf7c407c2cedff20999df2af8eb42d56 -> 
  custom:audio-encoder-webm-vorbis: bf7c407c2cedff20999df2af8eb42d56 -> 
========================================================================
Received Import Request.
  Time since last request: 54.743436 seconds.
  path: Assets/Scripts/PlayerController.cs
  artifactKey: Guid(b9ef8abf9f4c0634e9e5e2ae3299178e) Importer(815301076,1909f56bfc062723c751e8b465ee728b)
Start importing Assets/Scripts/PlayerController.cs using Guid(b9ef8abf9f4c0634e9e5e2ae3299178e) Importer(815301076,1909f56bfc062723c751e8b465ee728b)  -> (artifact id: 'fe1758f401e8996431e90274ea5728cc') in 0.009397 seconds 
  Import took 0.012391 seconds .

========================================================================
Received Import Request.
  Time since last request: 2.037918 seconds.
  path: Assets/Scripts/PlayerController.cs
  artifactKey: Guid(b9ef8abf9f4c0634e9e5e2ae3299178e) Importer(815301076,1909f56bfc062723c751e8b465ee728b)
Start importing Assets/Scripts/PlayerController.cs using Guid(b9ef8abf9f4c0634e9e5e2ae3299178e) Importer(815301076,1909f56bfc062723c751e8b465ee728b)  -> (artifact id: 'fe1758f401e8996431e90274ea5728cc') in 0.006126 seconds 
  Import took 0.009292 seconds .

========================================================================
Received Prepare
Registering precompiled user dll's ...
Registered in 0.005683 seconds.
Begin MonoManager ReloadAssembly
Native extension for WindowsStandalone target not found
Refreshing native plugins compatible for Editor in 1.38 ms, found 3 plugins.
Preloading 0 native plugins for Editor in 0.00 ms.
Mono: successfully reloaded assembly
- Completed reload, in  1.355 seconds
Platform modules already initialized, skipping
Refreshing native plugins compatible for Editor in 0.61 ms, found 3 plugins.
Preloading 0 native plugins for Editor in 0.00 ms.
Unloading 2006 Unused Serialized files (Serialized files now loaded: 0)
System memory in use before: 90.6 MB.
System memory in use after: 90.7 MB.

Unloading 17 unused Assets to reduce memory usage. Loaded Objects now: 2464.
Total: 2.519300 ms (FindLiveObjects: 0.220100 ms CreateObjectMapping: 0.048700 ms MarkObjects: 2.229300 ms  DeleteObjects: 0.020000 ms)

AssetImportParameters requested are different than current active one (requested -> active):
  custom:framework-win-MediaFoundation: 216162199b28c13a410421893ffa2e32 -> 
  custom:video-decoder-ogg-theora: a1e56fd34408186e4bbccfd4996cb3dc -> 
  custom:container-muxer-webm: aa71ff27fc2769a1b78a27578f13a17b -> 
  custom:container-demuxer-webm: 4f35f7cbe854078d1ac9338744f61a02 -> 
  custom:container-demuxer-ogg: 62fdf1f143b41e24485cea50d1cbac27 -> 
  custom:video-encoder-webm-vp8: eb34c28f22e8b96e1ab97ce403110664 -> 
  custom:video-decoder-webm-vp8: 9c59270c3fd7afecdb556c50c9e8de78 -> 
  custom:audio-decoder-ogg-vorbis: bf7c407c2cedff20999df2af8eb42d56 -> 
  custom:audio-encoder-webm-vorbis: bf7c407c2cedff20999df2af8eb42d56 -> 
========================================================================
Received Import Request.
  Time since last request: 295.043757 seconds.
  path: Assets/PlayerPhysicMaterial.physicMaterial
  artifactKey: Guid(eb039a0bb28cc824bb6c8b1ab34dbfa5) Importer(815301076,1909f56bfc062723c751e8b465ee728b)
Start importing Assets/PlayerPhysicMaterial.physicMaterial using Guid(eb039a0bb28cc824bb6c8b1ab34dbfa5) Importer(815301076,1909f56bfc062723c751e8b465ee728b)  -> (artifact id: '3d4567b7f68f93a3f51269e931c247c0') in 0.022331 seconds 
  Import took 0.025726 seconds .

========================================================================
Received Import Request.
  Time since last request: 40.729070 seconds.
  path: Assets/PhysicMaterialPlayer.physicMaterial
  artifactKey: Guid(df5a19d35d7b9fd4dacf747305b2efc5) Importer(815301076,1909f56bfc062723c751e8b465ee728b)
Start importing Assets/PhysicMaterialPlayer.physicMaterial using Guid(df5a19d35d7b9fd4dacf747305b2efc5) Importer(815301076,1909f56bfc062723c751e8b465ee728b)  -> (artifact id: '905b1603720127f94aa54e8ffb8a86c2') in 0.009236 seconds 
  Import took 0.012488 seconds .

========================================================================
Received Import Request.
  Time since last request: 57.167201 seconds.
  path: Assets/PhysicsMaterial2DPlayer.physicsMaterial2D
  artifactKey: Guid(05236bdd0670f124cb629adc6195f250) Importer(815301076,1909f56bfc062723c751e8b465ee728b)
Start importing Assets/PhysicsMaterial2DPlayer.physicsMaterial2D using Guid(05236bdd0670f124cb629adc6195f250) Importer(815301076,1909f56bfc062723c751e8b465ee728b)  -> (artifact id: '55c7357632df352f6d688defc2b05184') in 0.012549 seconds 
  Import took 0.015897 seconds .

========================================================================
Received Prepare
Registering precompiled user dll's ...
Registered in 0.005244 seconds.
Begin MonoManager ReloadAssembly
Native extension for WindowsStandalone target not found
Refreshing native plugins compatible for Editor in 0.91 ms, found 3 plugins.
Preloading 0 native plugins for Editor in 0.00 ms.
Mono: successfully reloaded assembly
- Completed reload, in  1.281 seconds
Platform modules already initialized, skipping
Refreshing native plugins compatible for Editor in 0.54 ms, found 3 plugins.
Preloading 0 native plugins for Editor in 0.00 ms.
Unloading 2006 Unused Serialized files (Serialized files now loaded: 0)
System memory in use before: 90.6 MB.
System memory in use after: 90.7 MB.

Unloading 17 unused Assets to reduce memory usage. Loaded Objects now: 2467.
Total: 2.302000 ms (FindLiveObjects: 0.235400 ms CreateObjectMapping: 0.048800 ms MarkObjects: 1.999000 ms  DeleteObjects: 0.018000 ms)

AssetImportParameters requested are different than current active one (requested -> active):
  custom:framework-win-MediaFoundation: 216162199b28c13a410421893ffa2e32 -> 
  custom:video-decoder-ogg-theora: a1e56fd34408186e4bbccfd4996cb3dc -> 
  custom:container-muxer-webm: aa71ff27fc2769a1b78a27578f13a17b -> 
  custom:container-demuxer-webm: 4f35f7cbe854078d1ac9338744f61a02 -> 
  custom:container-demuxer-ogg: 62fdf1f143b41e24485cea50d1cbac27 -> 
  custom:video-encoder-webm-vp8: eb34c28f22e8b96e1ab97ce403110664 -> 
  custom:video-decoder-webm-vp8: 9c59270c3fd7afecdb556c50c9e8de78 -> 
  custom:audio-decoder-ogg-vorbis: bf7c407c2cedff20999df2af8eb42d56 -> 
  custom:audio-encoder-webm-vorbis: bf7c407c2cedff20999df2af8eb42d56 -> 
========================================================================
Received Import Request.
  Time since last request: 138.357338 seconds.
  path: Assets/PhysicsMaterial2DPlayer.physicsMaterial2D
  artifactKey: Guid(05236bdd0670f124cb629adc6195f250) Importer(815301076,1909f56bfc062723c751e8b465ee728b)
Start importing Assets/PhysicsMaterial2DPlayer.physicsMaterial2D using Guid(05236bdd0670f124cb629adc6195f250) Importer(815301076,1909f56bfc062723c751e8b465ee728b)  -> (artifact id: 'f6e4ada2d4975c6a2a4290a05017125e') in 0.015912 seconds 
  Import took 0.019214 seconds .

========================================================================
Received Prepare
Registering precompiled user dll's ...
Registered in 0.005450 seconds.
Begin MonoManager ReloadAssembly
Native extension for WindowsStandalone target not found
Refreshing native plugins compatible for Editor in 0.66 ms, found 3 plugins.
Preloading 0 native plugins for Editor in 0.00 ms.
Mono: successfully reloaded assembly
- Completed reload, in  1.206 seconds
Platform modules already initialized, skipping
Refreshing native plugins compatible for Editor in 0.56 ms, found 3 plugins.
Preloading 0 native plugins for Editor in 0.00 ms.
Unloading 2006 Unused Serialized files (Serialized files now loaded: 0)
System memory in use before: 90.6 MB.
System memory in use after: 90.7 MB.

Unloading 17 unused Assets to reduce memory usage. Loaded Objects now: 2470.
Total: 2.356500 ms (FindLiveObjects: 0.212700 ms CreateObjectMapping: 0.050100 ms MarkObjects: 2.074500 ms  DeleteObjects: 0.017900 ms)

AssetImportParameters requested are different than current active one (requested -> active):
  custom:framework-win-MediaFoundation: 216162199b28c13a410421893ffa2e32 -> 
  custom:video-decoder-ogg-theora: a1e56fd34408186e4bbccfd4996cb3dc -> 
  custom:container-muxer-webm: aa71ff27fc2769a1b78a27578f13a17b -> 
  custom:container-demuxer-webm: 4f35f7cbe854078d1ac9338744f61a02 -> 
  custom:container-demuxer-ogg: 62fdf1f143b41e24485cea50d1cbac27 -> 
  custom:video-encoder-webm-vp8: eb34c28f22e8b96e1ab97ce403110664 -> 
  custom:video-decoder-webm-vp8: 9c59270c3fd7afecdb556c50c9e8de78 -> 
  custom:audio-decoder-ogg-vorbis: bf7c407c2cedff20999df2af8eb42d56 -> 
  custom:audio-encoder-webm-vorbis: bf7c407c2cedff20999df2af8eb42d56 -> 
========================================================================
Received Prepare
Registering precompiled user dll's ...
Registered in 0.005399 seconds.
Begin MonoManager ReloadAssembly
Native extension for WindowsStandalone target not found
Refreshing native plugins compatible for Editor in 0.72 ms, found 3 plugins.
Preloading 0 native plugins for Editor in 0.00 ms.
Mono: successfully reloaded assembly
- Completed reload, in  1.172 seconds
Platform modules already initialized, skipping
Refreshing native plugins compatible for Editor in 0.59 ms, found 3 plugins.
Preloading 0 native plugins for Editor in 0.00 ms.
Unloading 2006 Unused Serialized files (Serialized files now loaded: 0)
System memory in use before: 90.6 MB.
System memory in use after: 90.7 MB.

Unloading 17 unused Assets to reduce memory usage. Loaded Objects now: 2473.
Total: 3.115100 ms (FindLiveObjects: 0.274200 ms CreateObjectMapping: 0.056600 ms MarkObjects: 2.759400 ms  DeleteObjects: 0.022600 ms)

AssetImportParameters requested are different than current active one (requested -> active):
  custom:framework-win-MediaFoundation: 216162199b28c13a410421893ffa2e32 -> 
  custom:video-decoder-ogg-theora: a1e56fd34408186e4bbccfd4996cb3dc -> 
  custom:container-muxer-webm: aa71ff27fc2769a1b78a27578f13a17b -> 
  custom:container-demuxer-webm: 4f35f7cbe854078d1ac9338744f61a02 -> 
  custom:container-demuxer-ogg: 62fdf1f143b41e24485cea50d1cbac27 -> 
  custom:video-encoder-webm-vp8: eb34c28f22e8b96e1ab97ce403110664 -> 
  custom:video-decoder-webm-vp8: 9c59270c3fd7afecdb556c50c9e8de78 -> 
  custom:audio-decoder-ogg-vorbis: bf7c407c2cedff20999df2af8eb42d56 -> 
  custom:audio-encoder-webm-vorbis: bf7c407c2cedff20999df2af8eb42d56 -> 
AssetImportWorkerClient::OnTransportError - code=2 error=End of file
